[2019-12-04 10:26:23] app.ERROR: Class "AdminLinkWidgetController" not found in controllers/admin [] []
[2019-12-04 10:26:31] app.INFO: Exporting mail with theme modern for language Polski (Polish) [] []
[2019-12-04 10:26:31] app.INFO: Core output folder: /opt/bitnami/prestashop/mails [] []
[2019-12-04 10:26:31] app.INFO: Modules output folder: /opt/bitnami/prestashop/modules/ [] []
[2019-12-04 10:26:31] app.INFO: Generate html template account at /opt/bitnami/prestashop/mails/pl/account.html [] []
[2019-12-04 10:26:31] app.INFO: Generate txt template account at /opt/bitnami/prestashop/mails/pl/account.txt [] []
[2019-12-04 10:26:31] app.INFO: Generate html template backoffice_order at /opt/bitnami/prestashop/mails/pl/backoffice_order.html [] []
[2019-12-04 10:26:31] app.INFO: Generate txt template backoffice_order at /opt/bitnami/prestashop/mails/pl/backoffice_order.txt [] []
[2019-12-04 10:26:31] app.INFO: Generate html template bankwire at /opt/bitnami/prestashop/mails/pl/bankwire.html [] []
[2019-12-04 10:26:31] app.INFO: Generate txt template bankwire at /opt/bitnami/prestashop/mails/pl/bankwire.txt [] []
[2019-12-04 10:26:31] app.INFO: Generate html template cheque at /opt/bitnami/prestashop/mails/pl/cheque.html [] []
[2019-12-04 10:26:31] app.INFO: Generate txt template cheque at /opt/bitnami/prestashop/mails/pl/cheque.txt [] []
[2019-12-04 10:26:32] app.INFO: Generate html template contact at /opt/bitnami/prestashop/mails/pl/contact.html [] []
[2019-12-04 10:26:32] app.INFO: Generate txt template contact at /opt/bitnami/prestashop/mails/pl/contact.txt [] []
[2019-12-04 10:26:32] app.INFO: Generate html template contact_form at /opt/bitnami/prestashop/mails/pl/contact_form.html [] []
[2019-12-04 10:26:32] app.INFO: Generate txt template contact_form at /opt/bitnami/prestashop/mails/pl/contact_form.txt [] []
[2019-12-04 10:26:32] app.INFO: Generate html template credit_slip at /opt/bitnami/prestashop/mails/pl/credit_slip.html [] []
[2019-12-04 10:26:32] app.INFO: Generate txt template credit_slip at /opt/bitnami/prestashop/mails/pl/credit_slip.txt [] []
[2019-12-04 10:26:32] app.INFO: Generate html template download_product at /opt/bitnami/prestashop/mails/pl/download_product.html [] []
[2019-12-04 10:26:32] app.INFO: Generate txt template download_product at /opt/bitnami/prestashop/mails/pl/download_product.txt [] []
[2019-12-04 10:26:32] app.INFO: Generate html template employee_password at /opt/bitnami/prestashop/mails/pl/employee_password.html [] []
[2019-12-04 10:26:32] app.INFO: Generate txt template employee_password at /opt/bitnami/prestashop/mails/pl/employee_password.txt [] []
[2019-12-04 10:26:32] app.INFO: Generate html template forward_msg at /opt/bitnami/prestashop/mails/pl/forward_msg.html [] []
[2019-12-04 10:26:32] app.INFO: Generate txt template forward_msg at /opt/bitnami/prestashop/mails/pl/forward_msg.txt [] []
[2019-12-04 10:26:32] app.INFO: Generate html template guest_to_customer at /opt/bitnami/prestashop/mails/pl/guest_to_customer.html [] []
[2019-12-04 10:26:32] app.INFO: Generate txt template guest_to_customer at /opt/bitnami/prestashop/mails/pl/guest_to_customer.txt [] []
[2019-12-04 10:26:32] app.INFO: Generate html template import at /opt/bitnami/prestashop/mails/pl/import.html [] []
[2019-12-04 10:26:32] app.INFO: Generate txt template import at /opt/bitnami/prestashop/mails/pl/import.txt [] []
[2019-12-04 10:26:32] app.INFO: Generate html template in_transit at /opt/bitnami/prestashop/mails/pl/in_transit.html [] []
[2019-12-04 10:26:32] app.INFO: Generate txt template in_transit at /opt/bitnami/prestashop/mails/pl/in_transit.txt [] []
[2019-12-04 10:26:32] app.INFO: Generate html template log_alert at /opt/bitnami/prestashop/mails/pl/log_alert.html [] []
[2019-12-04 10:26:32] app.INFO: Generate txt template log_alert at /opt/bitnami/prestashop/mails/pl/log_alert.txt [] []
[2019-12-04 10:26:32] app.INFO: Generate html template newsletter at /opt/bitnami/prestashop/mails/pl/newsletter.html [] []
[2019-12-04 10:26:32] app.INFO: Generate txt template newsletter at /opt/bitnami/prestashop/mails/pl/newsletter.txt [] []
[2019-12-04 10:26:32] app.INFO: Generate html template order_canceled at /opt/bitnami/prestashop/mails/pl/order_canceled.html [] []
[2019-12-04 10:26:32] app.INFO: Generate txt template order_canceled at /opt/bitnami/prestashop/mails/pl/order_canceled.txt [] []
[2019-12-04 10:26:32] app.INFO: Generate html template order_changed at /opt/bitnami/prestashop/mails/pl/order_changed.html [] []
[2019-12-04 10:26:32] app.INFO: Generate txt template order_changed at /opt/bitnami/prestashop/mails/pl/order_changed.txt [] []
[2019-12-04 10:26:32] app.INFO: Generate html template order_conf at /opt/bitnami/prestashop/mails/pl/order_conf.html [] []
[2019-12-04 10:26:32] app.INFO: Generate txt template order_conf at /opt/bitnami/prestashop/mails/pl/order_conf.txt [] []
[2019-12-04 10:26:32] app.INFO: Generate html template order_customer_comment at /opt/bitnami/prestashop/mails/pl/order_customer_comment.html [] []
[2019-12-04 10:26:32] app.INFO: Generate txt template order_customer_comment at /opt/bitnami/prestashop/mails/pl/order_customer_comment.txt [] []
[2019-12-04 10:26:32] app.INFO: Generate html template order_merchant_comment at /opt/bitnami/prestashop/mails/pl/order_merchant_comment.html [] []
[2019-12-04 10:26:32] app.INFO: Generate txt template order_merchant_comment at /opt/bitnami/prestashop/mails/pl/order_merchant_comment.txt [] []
[2019-12-04 10:26:33] app.INFO: Generate html template order_return_state at /opt/bitnami/prestashop/mails/pl/order_return_state.html [] []
[2019-12-04 10:26:33] app.INFO: Generate txt template order_return_state at /opt/bitnami/prestashop/mails/pl/order_return_state.txt [] []
[2019-12-04 10:26:33] app.INFO: Generate html template outofstock at /opt/bitnami/prestashop/mails/pl/outofstock.html [] []
[2019-12-04 10:26:33] app.INFO: Generate txt template outofstock at /opt/bitnami/prestashop/mails/pl/outofstock.txt [] []
[2019-12-04 10:26:33] app.INFO: Generate html template password at /opt/bitnami/prestashop/mails/pl/password.html [] []
[2019-12-04 10:26:33] app.INFO: Generate txt template password at /opt/bitnami/prestashop/mails/pl/password.txt [] []
[2019-12-04 10:26:33] app.INFO: Generate html template password_query at /opt/bitnami/prestashop/mails/pl/password_query.html [] []
[2019-12-04 10:26:33] app.INFO: Generate txt template password_query at /opt/bitnami/prestashop/mails/pl/password_query.txt [] []
[2019-12-04 10:26:33] app.INFO: Generate html template payment at /opt/bitnami/prestashop/mails/pl/payment.html [] []
[2019-12-04 10:26:33] app.INFO: Generate txt template payment at /opt/bitnami/prestashop/mails/pl/payment.txt [] []
[2019-12-04 10:26:33] app.INFO: Generate html template payment_error at /opt/bitnami/prestashop/mails/pl/payment_error.html [] []
[2019-12-04 10:26:33] app.INFO: Generate txt template payment_error at /opt/bitnami/prestashop/mails/pl/payment_error.txt [] []
[2019-12-04 10:26:33] app.INFO: Generate html template preparation at /opt/bitnami/prestashop/mails/pl/preparation.html [] []
[2019-12-04 10:26:33] app.INFO: Generate txt template preparation at /opt/bitnami/prestashop/mails/pl/preparation.txt [] []
[2019-12-04 10:26:33] app.INFO: Generate html template productoutofstock at /opt/bitnami/prestashop/mails/pl/productoutofstock.html [] []
[2019-12-04 10:26:33] app.INFO: Generate txt template productoutofstock at /opt/bitnami/prestashop/mails/pl/productoutofstock.txt [] []
[2019-12-04 10:26:33] app.INFO: Generate html template refund at /opt/bitnami/prestashop/mails/pl/refund.html [] []
[2019-12-04 10:26:33] app.INFO: Generate txt template refund at /opt/bitnami/prestashop/mails/pl/refund.txt [] []
[2019-12-04 10:26:33] app.INFO: Generate html template reply_msg at /opt/bitnami/prestashop/mails/pl/reply_msg.html [] []
[2019-12-04 10:26:33] app.INFO: Generate txt template reply_msg at /opt/bitnami/prestashop/mails/pl/reply_msg.txt [] []
[2019-12-04 10:26:33] app.INFO: Generate html template shipped at /opt/bitnami/prestashop/mails/pl/shipped.html [] []
[2019-12-04 10:26:33] app.INFO: Generate txt template shipped at /opt/bitnami/prestashop/mails/pl/shipped.txt [] []
[2019-12-04 10:26:33] app.INFO: Generate html template test at /opt/bitnami/prestashop/mails/pl/test.html [] []
[2019-12-04 10:26:33] app.INFO: Generate txt template test at /opt/bitnami/prestashop/mails/pl/test.txt [] []
[2019-12-04 10:26:33] app.INFO: Generate html template voucher at /opt/bitnami/prestashop/mails/pl/voucher.html [] []
[2019-12-04 10:26:33] app.INFO: Generate txt template voucher at /opt/bitnami/prestashop/mails/pl/voucher.txt [] []
[2019-12-04 10:26:33] app.INFO: Generate html template voucher_new at /opt/bitnami/prestashop/mails/pl/voucher_new.html [] []
[2019-12-04 10:26:33] app.INFO: Generate txt template voucher_new at /opt/bitnami/prestashop/mails/pl/voucher_new.txt [] []
[2019-12-04 10:26:33] app.INFO: Generate html template referralprogram-congratulations at /opt/bitnami/prestashop/modules//referralprogram/mails/pl/referralprogram-congratulations.html [] []
[2019-12-04 10:26:33] app.INFO: Generate txt template referralprogram-congratulations at /opt/bitnami/prestashop/modules//referralprogram/mails/pl/referralprogram-congratulations.txt [] []
[2019-12-04 10:26:33] app.INFO: Generate html template referralprogram-invitation at /opt/bitnami/prestashop/modules//referralprogram/mails/pl/referralprogram-invitation.html [] []
[2019-12-04 10:26:33] app.INFO: Generate txt template referralprogram-invitation at /opt/bitnami/prestashop/modules//referralprogram/mails/pl/referralprogram-invitation.txt [] []
[2019-12-04 10:26:33] app.INFO: Generate html template referralprogram-voucher at /opt/bitnami/prestashop/modules//referralprogram/mails/pl/referralprogram-voucher.html [] []
[2019-12-04 10:26:33] app.INFO: Generate txt template referralprogram-voucher at /opt/bitnami/prestashop/modules//referralprogram/mails/pl/referralprogram-voucher.txt [] []
[2019-12-04 10:26:33] app.INFO: Generate html template customer_qty at /opt/bitnami/prestashop/modules//ps_emailalerts/mails/pl/customer_qty.html [] []
[2019-12-04 10:26:33] app.INFO: Generate txt template customer_qty at /opt/bitnami/prestashop/modules//ps_emailalerts/mails/pl/customer_qty.txt [] []
[2019-12-04 10:26:34] app.INFO: Generate html template new_order at /opt/bitnami/prestashop/modules//ps_emailalerts/mails/pl/new_order.html [] []
[2019-12-04 10:26:34] app.INFO: Generate txt template new_order at /opt/bitnami/prestashop/modules//ps_emailalerts/mails/pl/new_order.txt [] []
[2019-12-04 10:26:34] app.INFO: Generate html template order_changed at /opt/bitnami/prestashop/modules//ps_emailalerts/mails/pl/order_changed.html [] []
[2019-12-04 10:26:34] app.INFO: Generate txt template order_changed at /opt/bitnami/prestashop/modules//ps_emailalerts/mails/pl/order_changed.txt [] []
[2019-12-04 10:26:34] app.INFO: Generate html template productcoverage at /opt/bitnami/prestashop/modules//ps_emailalerts/mails/pl/productcoverage.html [] []
[2019-12-04 10:26:34] app.INFO: Generate txt template productcoverage at /opt/bitnami/prestashop/modules//ps_emailalerts/mails/pl/productcoverage.txt [] []
[2019-12-04 10:26:34] app.INFO: Generate html template productoutofstock at /opt/bitnami/prestashop/modules//ps_emailalerts/mails/pl/productoutofstock.html [] []
[2019-12-04 10:26:34] app.INFO: Generate txt template productoutofstock at /opt/bitnami/prestashop/modules//ps_emailalerts/mails/pl/productoutofstock.txt [] []
[2019-12-04 10:26:34] app.INFO: Generate html template return_slip at /opt/bitnami/prestashop/modules//ps_emailalerts/mails/pl/return_slip.html [] []
[2019-12-04 10:26:34] app.INFO: Generate txt template return_slip at /opt/bitnami/prestashop/modules//ps_emailalerts/mails/pl/return_slip.txt [] []
[2019-12-04 10:26:34] app.INFO: Generate html template followup_1 at /opt/bitnami/prestashop/modules//followup/mails/pl/followup_1.html [] []
[2019-12-04 10:26:34] app.INFO: Generate txt template followup_1 at /opt/bitnami/prestashop/modules//followup/mails/pl/followup_1.txt [] []
[2019-12-04 10:26:34] app.INFO: Generate html template followup_2 at /opt/bitnami/prestashop/modules//followup/mails/pl/followup_2.html [] []
[2019-12-04 10:26:34] app.INFO: Generate txt template followup_2 at /opt/bitnami/prestashop/modules//followup/mails/pl/followup_2.txt [] []
[2019-12-04 10:26:34] app.INFO: Generate html template followup_3 at /opt/bitnami/prestashop/modules//followup/mails/pl/followup_3.html [] []
[2019-12-04 10:26:34] app.INFO: Generate txt template followup_3 at /opt/bitnami/prestashop/modules//followup/mails/pl/followup_3.txt [] []
[2019-12-04 10:26:34] app.INFO: Generate html template followup_4 at /opt/bitnami/prestashop/modules//followup/mails/pl/followup_4.html [] []
[2019-12-04 10:26:34] app.INFO: Generate txt template followup_4 at /opt/bitnami/prestashop/modules//followup/mails/pl/followup_4.txt [] []
[2019-12-04 10:26:34] app.INFO: Generate html template newsletter_conf at /opt/bitnami/prestashop/modules//ps_emailsubscription/mails/pl/newsletter_conf.html [] []
[2019-12-04 10:26:34] app.INFO: Generate txt template newsletter_conf at /opt/bitnami/prestashop/modules//ps_emailsubscription/mails/pl/newsletter_conf.txt [] []
[2019-12-04 10:26:34] app.INFO: Generate html template newsletter_verif at /opt/bitnami/prestashop/modules//ps_emailsubscription/mails/pl/newsletter_verif.html [] []
[2019-12-04 10:26:34] app.INFO: Generate txt template newsletter_verif at /opt/bitnami/prestashop/modules//ps_emailsubscription/mails/pl/newsletter_verif.txt [] []
[2019-12-04 10:26:34] app.INFO: Generate html template newsletter_voucher at /opt/bitnami/prestashop/modules//ps_emailsubscription/mails/pl/newsletter_voucher.html [] []
[2019-12-04 10:26:34] app.INFO: Generate txt template newsletter_voucher at /opt/bitnami/prestashop/modules//ps_emailsubscription/mails/pl/newsletter_voucher.txt [] []
[2019-12-04 10:26:49] app.INFO: Exporting mail with theme modern for language Polski (Polish) [] []
[2019-12-04 10:26:49] app.INFO: Core output folder: /opt/bitnami/prestashop/mails [] []
[2019-12-04 10:26:49] app.INFO: Modules output folder: /opt/bitnami/prestashop/modules/ [] []
